<?xml version="1.0" encoding="UTF-8"?>
<!-- Generated by org.testng.reporters.JUnitReportReporter -->
<testsuite hostname="LAPTOP-TAU72GUO" failures="0" tests="1" name="com.Testclass.LoginTest" time="29.698" errors="0" timestamp="2022-10-22T09:51:23 IST" skipped="0">
  <testcase classname="com.Testclass.LoginTest" name="loginTest" time="29.698"/>
  <system-out/>
</testsuite> <!-- com.Testclass.LoginTest -->
